<?xml version="1.0" encoding="UTF-8"?>
<!-- Generated by org.testng.reporters.JUnitReportReporter -->
<testsuite skipped="0" hostname="DESKTOP-8CBT80G" name="com.mindtree.runner.BigsmallSiteRunner" tests="10" failures="0" timestamp="2021-11-19T15:11:28 IST" time="126.663" errors="0">
  <testcase name="runScenario" time="7.106" classname="com.mindtree.runner.BigsmallSiteRunner"/>
  <testcase name="runScenario" time="16.938" classname="com.mindtree.runner.BigsmallSiteRunner"/>
  <testcase name="runScenario" time="7.739" classname="com.mindtree.runner.BigsmallSiteRunner"/>
  <testcase name="runScenario" time="23.704" classname="com.mindtree.runner.BigsmallSiteRunner"/>
  <testcase name="runScenario" time="14.986" classname="com.mindtree.runner.BigsmallSiteRunner"/>
  <testcase name="runScenario" time="11.218" classname="com.mindtree.runner.BigsmallSiteRunner"/>
  <testcase name="runScenario" time="13.330" classname="com.mindtree.runner.BigsmallSiteRunner"/>
  <testcase name="runScenario" time="16.888" classname="com.mindtree.runner.BigsmallSiteRunner"/>
  <testcase name="runScenario" time="7.753" classname="com.mindtree.runner.BigsmallSiteRunner"/>
  <testcase name="runScenario" time="7.001" classname="com.mindtree.runner.BigsmallSiteRunner"/>
</testsuite> <!-- com.mindtree.runner.BigsmallSiteRunner -->
